2020-07-15 21:50:29,470 INFO  [Log] **************************************************************************************** 
2020-07-15 21:50:29,471 INFO  [Log] **************************************************************************************** 
2020-07-15 21:50:29,471 INFO  [Log] $$$$$$$$$$$$$$$$$$$$$                 Mua_Hang       $$$$$$$$$$$$$$$$$$$$$$$$$ 
2020-07-15 21:50:29,471 INFO  [Log] **************************************************************************************** 
2020-07-15 21:50:29,471 INFO  [Log] **************************************************************************************** 
2020-07-15 21:50:29,479 ERROR [Log] Class Utils | Method getCellData | Exception desc : null 
2020-07-15 21:50:36,484 INFO  [Log] Nguoi dung nhap dia chi email la: thientuoanh@gmail.com 
2020-07-15 21:50:39,408 INFO  [Log] Nguoi dung nhap so phone la: 0974105249 
2020-07-15 21:50:43,331 INFO  [Log] Submit thanh cong 
2020-07-15 21:50:43,665 ERROR [Log] Send Mail that bai --- null 
2020-07-15 21:50:43,830 INFO  [Log] XXXXXXXXXXXXXXXXXXXXXXX             -E---N---D-             XXXXXXXXXXXXXXXXXXXXXX 
2020-07-15 21:50:43,830 INFO  [Log] X 
2020-07-15 21:50:43,830 INFO  [Log] X 
2020-07-15 21:50:43,830 INFO  [Log] X 
2020-07-15 21:50:43,831 INFO  [Log] X 
2020-07-15 21:50:43,831 INFO  [Log] TESTCASES IS COMPLETED!!! 
2020-07-15 21:53:31,629 INFO  [Log] **************************************************************************************** 
2020-07-15 21:53:31,630 INFO  [Log] **************************************************************************************** 
2020-07-15 21:53:31,634 INFO  [Log] $$$$$$$$$$$$$$$$$$$$$                 Mua_Hang       $$$$$$$$$$$$$$$$$$$$$$$$$ 
2020-07-15 21:53:31,634 INFO  [Log] **************************************************************************************** 
2020-07-15 21:53:31,634 INFO  [Log] **************************************************************************************** 
2020-07-15 21:53:31,639 ERROR [Log] Class Utils | Method getCellData | Exception desc : null 
2020-07-15 21:53:39,758 INFO  [Log] Nguoi dung nhap dia chi email la: thientuoanh@gmail.com 
2020-07-15 21:53:41,581 INFO  [Log] Nguoi dung nhap so phone la: 0974105249 
2020-07-15 21:53:43,221 INFO  [Log] Submit thanh cong 
2020-07-15 21:53:43,559 ERROR [Log] Send Mail that bai --- null 
2020-07-15 21:53:43,666 INFO  [Log] XXXXXXXXXXXXXXXXXXXXXXX             -E---N---D-             XXXXXXXXXXXXXXXXXXXXXX 
2020-07-15 21:53:43,666 INFO  [Log] X 
2020-07-15 21:53:43,666 INFO  [Log] X 
2020-07-15 21:53:43,666 INFO  [Log] X 
2020-07-15 21:53:43,666 INFO  [Log] X 
2020-07-15 21:53:43,666 INFO  [Log] TESTCASES IS COMPLETED!!! 
2020-07-15 21:55:30,593 INFO  [Log] **************************************************************************************** 
2020-07-15 21:55:30,593 INFO  [Log] **************************************************************************************** 
2020-07-15 21:55:30,593 INFO  [Log] $$$$$$$$$$$$$$$$$$$$$                 Mua_Hang       $$$$$$$$$$$$$$$$$$$$$$$$$ 
2020-07-15 21:55:30,593 INFO  [Log] **************************************************************************************** 
2020-07-15 21:55:30,593 INFO  [Log] **************************************************************************************** 
2020-07-15 21:55:30,595 ERROR [Log] Class Utils | Method getCellData | Exception desc : null 
2020-07-15 21:55:38,527 INFO  [Log] Nguoi dung nhap dia chi email la: thientuoanh@gmail.com 
2020-07-15 21:55:40,397 INFO  [Log] Nguoi dung nhap so phone la: 0974105249 
2020-07-15 21:55:42,093 INFO  [Log] Submit thanh cong 
2020-07-15 21:55:42,464 ERROR [Log] Send Mail that bai --- null 
2020-07-15 21:55:42,621 INFO  [Log] XXXXXXXXXXXXXXXXXXXXXXX             -E---N---D-             XXXXXXXXXXXXXXXXXXXXXX 
2020-07-15 21:55:42,621 INFO  [Log] X 
2020-07-15 21:55:42,621 INFO  [Log] X 
2020-07-15 21:55:42,622 INFO  [Log] X 
2020-07-15 21:55:42,622 INFO  [Log] X 
2020-07-15 21:55:42,622 INFO  [Log] TESTCASES IS COMPLETED!!! 
2020-07-15 21:56:42,500 INFO  [Log] **************************************************************************************** 
2020-07-15 21:56:42,501 INFO  [Log] **************************************************************************************** 
2020-07-15 21:56:42,501 INFO  [Log] $$$$$$$$$$$$$$$$$$$$$                 Mua_Hang       $$$$$$$$$$$$$$$$$$$$$$$$$ 
2020-07-15 21:56:42,501 INFO  [Log] **************************************************************************************** 
2020-07-15 21:56:42,501 INFO  [Log] **************************************************************************************** 
2020-07-15 21:56:42,503 ERROR [Log] Class Utils | Method getCellData | Exception desc : null 
2020-07-15 21:56:52,017 INFO  [Log] Nguoi dung nhap dia chi email la: thientuoanh@gmail.com 
2020-07-15 21:56:53,220 INFO  [Log] Nguoi dung nhap so phone la: 0974105249 
2020-07-15 21:56:54,965 INFO  [Log] Submit thanh cong 
2020-07-15 21:56:55,300 ERROR [Log] Send Mail that bai --- null 
2020-07-15 21:56:55,422 INFO  [Log] XXXXXXXXXXXXXXXXXXXXXXX             -E---N---D-             XXXXXXXXXXXXXXXXXXXXXX 
2020-07-15 21:56:55,422 INFO  [Log] X 
2020-07-15 21:56:55,422 INFO  [Log] X 
2020-07-15 21:56:55,422 INFO  [Log] X 
2020-07-15 21:56:55,422 INFO  [Log] X 
2020-07-15 21:56:55,422 INFO  [Log] TESTCASES IS COMPLETED!!! 
2020-07-15 22:01:07,583 INFO  [Log] **************************************************************************************** 
2020-07-15 22:01:07,584 INFO  [Log] **************************************************************************************** 
2020-07-15 22:01:07,584 INFO  [Log] $$$$$$$$$$$$$$$$$$$$$                 Mua_Hang       $$$$$$$$$$$$$$$$$$$$$$$$$ 
2020-07-15 22:01:07,584 INFO  [Log] **************************************************************************************** 
2020-07-15 22:01:07,584 INFO  [Log] **************************************************************************************** 
2020-07-15 22:01:07,586 ERROR [Log] Class Utils | Method getCellData | Exception desc : null 
2020-07-15 22:01:16,325 INFO  [Log] Nguoi dung nhap dia chi email la: thientuoanh@gmail.com 
2020-07-15 22:01:17,374 INFO  [Log] Nguoi dung nhap so phone la: 0974105249 
2020-07-15 22:01:19,305 INFO  [Log] Submit thanh cong 
2020-07-15 22:01:38,650 ERROR [Log] Send Mail that bai --- null 
2020-07-15 22:02:38,702 ERROR [Log] Class Utils | Method getRowCount | Exception desc : null 
2020-07-15 22:02:38,702 INFO  [Log] TESTCASES IS COMPLETED!!! 
2020-07-15 22:03:01,286 ERROR [Log] Class Utils | Method getRowCount | Exception desc : null 
2020-07-15 22:03:01,286 INFO  [Log] TESTCASES IS COMPLETED!!! 
2020-07-15 22:03:23,012 ERROR [Log] Class Utils | Method setExcelFile | Exception desc : org.apache.poi.openxml4j.exceptions.InvalidFormatException: Package should contain a content type part [M1.13] 
2020-07-15 22:03:23,278 ERROR [Log] Class Utils | Method getRowCount | Exception desc : null 
2020-07-15 22:03:23,278 INFO  [Log] TESTCASES IS COMPLETED!!! 
2020-07-15 22:03:46,082 ERROR [Log] Class Utils | Method getRowCount | Exception desc : null 
2020-07-15 22:03:46,083 INFO  [Log] TESTCASES IS COMPLETED!!! 
2020-07-15 22:22:06,711 ERROR [Log] Class Utils | Method getRowCount | Exception desc : null 
2020-07-15 22:22:06,711 INFO  [Log] TESTCASES IS COMPLETED!!! 
2020-07-15 22:22:11,263 ERROR [Log] Class Utils | Method setExcelFile | Exception desc : org.apache.poi.openxml4j.exceptions.InvalidFormatException: Package should contain a content type part [M1.13] 
2020-07-15 22:22:11,508 ERROR [Log] Class Utils | Method getRowCount | Exception desc : null 
2020-07-15 22:22:11,508 INFO  [Log] TESTCASES IS COMPLETED!!! 
2020-07-15 22:22:48,400 ERROR [Log] Class Utils | Method getRowCount | Exception desc : null 
2020-07-15 22:22:48,400 INFO  [Log] TESTCASES IS COMPLETED!!! 
2020-07-15 22:24:26,722 ERROR [Log] Class Utils | Method getRowCount | Exception desc : null 
2020-07-15 22:24:26,722 INFO  [Log] TESTCASES IS COMPLETED!!! 
2020-07-15 22:26:48,998 INFO  [Log] **************************************************************************************** 
2020-07-15 22:26:48,998 INFO  [Log] **************************************************************************************** 
2020-07-15 22:26:48,998 INFO  [Log] $$$$$$$$$$$$$$$$$$$$$                 Mua_Hang       $$$$$$$$$$$$$$$$$$$$$$$$$ 
2020-07-15 22:26:48,998 INFO  [Log] **************************************************************************************** 
2020-07-15 22:26:48,998 INFO  [Log] **************************************************************************************** 
2020-07-15 22:26:49,008 ERROR [Log] Class Utils | Method getCellData | Exception desc : null 
2020-07-15 22:28:13,255 INFO  [Log] **************************************************************************************** 
2020-07-15 22:28:13,256 INFO  [Log] **************************************************************************************** 
2020-07-15 22:28:13,256 INFO  [Log] $$$$$$$$$$$$$$$$$$$$$                 Mua_Hang       $$$$$$$$$$$$$$$$$$$$$$$$$ 
2020-07-15 22:28:13,256 INFO  [Log] **************************************************************************************** 
2020-07-15 22:28:13,256 INFO  [Log] **************************************************************************************** 
2020-07-15 22:28:13,259 ERROR [Log] Class Utils | Method getCellData | Exception desc : null 
2020-07-15 22:28:39,291 INFO  [Log] Nguoi dung nhap dia chi email la: thientuoanh@gmail.com 
2020-07-15 22:28:42,344 INFO  [Log] Nguoi dung nhap so phone la: 0974105249 
2020-07-15 22:28:46,175 INFO  [Log] Submit thanh cong 
2020-07-15 22:28:51,227 INFO  [Log] XXXXXXXXXXXXXXXXXXXXXXX             -E---N---D-             XXXXXXXXXXXXXXXXXXXXXX 
2020-07-15 22:28:51,227 INFO  [Log] X 
2020-07-15 22:28:51,227 INFO  [Log] X 
2020-07-15 22:28:51,227 INFO  [Log] X 
2020-07-15 22:28:51,227 INFO  [Log] X 
2020-07-15 22:28:51,227 INFO  [Log] TESTCASES IS COMPLETED!!! 
2020-07-15 22:29:15,616 ERROR [Log] Khong tim thay Element de doi --- Expected condition failed: waiting for visibility of element located by By.xpath: /html/body/div[1]/div/div[1]/h3 (tried for 120 second(s) with 1000 milliseconds interval) 
2020-07-15 22:29:15,795 INFO  [Log] XXXXXXXXXXXXXXXXXXXXXXX             -E---N---D-             XXXXXXXXXXXXXXXXXXXXXX 
2020-07-15 22:29:15,795 INFO  [Log] X 
2020-07-15 22:29:15,795 INFO  [Log] X 
2020-07-15 22:29:15,795 INFO  [Log] X 
2020-07-15 22:29:15,795 INFO  [Log] X 
2020-07-15 22:29:15,795 INFO  [Log] TESTCASES IS COMPLETED!!! 
2020-07-15 22:30:57,723 INFO  [Log] **************************************************************************************** 
2020-07-15 22:30:57,723 INFO  [Log] **************************************************************************************** 
2020-07-15 22:30:57,723 INFO  [Log] $$$$$$$$$$$$$$$$$$$$$                 Mua_Hang       $$$$$$$$$$$$$$$$$$$$$$$$$ 
2020-07-15 22:30:57,723 INFO  [Log] **************************************************************************************** 
2020-07-15 22:30:57,723 INFO  [Log] **************************************************************************************** 
2020-07-15 22:30:57,726 ERROR [Log] Class Utils | Method getCellData | Exception desc : null 
2020-07-15 22:31:24,318 INFO  [Log] Nguoi dung nhap dia chi email la: thientuoanh@gmail.com 
2020-07-15 22:31:27,207 INFO  [Log] Nguoi dung nhap so phone la: 0974105249 
2020-07-15 22:31:31,071 INFO  [Log] Submit thanh cong 
2020-07-15 22:31:37,031 INFO  [Log] XXXXXXXXXXXXXXXXXXXXXXX             -E---N---D-             XXXXXXXXXXXXXXXXXXXXXX 
2020-07-15 22:31:37,031 INFO  [Log] X 
2020-07-15 22:31:37,031 INFO  [Log] X 
2020-07-15 22:31:37,031 INFO  [Log] X 
2020-07-15 22:31:37,031 INFO  [Log] X 
2020-07-15 22:31:37,031 INFO  [Log] TESTCASES IS COMPLETED!!! 
